<?xml version="1.0" encoding="UTF-8"?>
<!-- Generated by org.testng.reporters.JUnitReportReporter -->
<testsuite skipped="0" hostname="Chandan" name="com.TestNGScript.file.LoginSafetyKuvrr" tests="1" failures="0" timestamp="09 Oct 2019 09:11:54 GMT" time="26.108" errors="0">
  <testcase name="loginSafetyKuvrr" time="26.108" classname="com.TestNGScript.file.LoginSafetyKuvrr"/>
</testsuite> <!-- com.TestNGScript.file.LoginSafetyKuvrr -->
